------------------------------------------------------------------------------------------------------------------------

[2020-01-23 21:07:52 #1 type.registry] 
New type web.model.Car_Dealership

[2020-01-23 21:07:52 #2 type] 
Type web.model.Car_Dealership is not enhanced.

[2020-01-23 21:07:52 #3 type.registry] 
New type web.model.Car

[2020-01-23 21:07:52 #4 type] 
Type web.model.Car is not enhanced.

------------------------------------------------------------------------------------------------------------------------

[2020-01-23 21:12:40 #1 type.registry] 
New type web.model.Car_Dealership

[2020-01-23 21:12:40 #2 type] 
Type web.model.Car_Dealership is not enhanced.

[2020-01-23 21:12:40 #3 type.registry] 
New type web.model.Car

[2020-01-23 21:12:40 #4 type] 
Type web.model.Car is not enhanced.

[2020-01-23 21:13:42 #5 type.registry] 
New type java.util.ArrayList<java.lang.Object>

------------------------------------------------------------------------------------------------------------------------

[2020-01-23 22:57:50 #1 type.registry] 
New type web.model.Car_Dealership

[2020-01-23 22:57:50 #2 type] 
Type web.model.Car_Dealership is not enhanced.

[2020-01-23 22:57:50 #3 type.registry] 
New type web.model.Car

[2020-01-23 22:57:50 #4 type] 
Type web.model.Car is not enhanced.

[2020-01-23 22:57:50 #5 type.registry] 
New type web.model.Customer

[2020-01-23 22:57:50 #6 type] 
Type web.model.Customer is not enhanced.

------------------------------------------------------------------------------------------------------------------------

[2020-01-23 23:02:55 #1 type.registry] 
New type web.model.Car_Dealership

[2020-01-23 23:02:55 #2 type] 
Type web.model.Car_Dealership is not enhanced.

[2020-01-23 23:02:55 #3 type.registry] 
New type web.model.Car

[2020-01-23 23:02:55 #4 type] 
Type web.model.Car is not enhanced.

[2020-01-23 23:02:55 #5 type.registry] 
New type web.model.Customer

[2020-01-23 23:02:55 #6 type] 
Type web.model.Customer is not enhanced.

[2020-01-23 23:02:59 #7 type.registry] 
New type java.util.ArrayList<java.lang.Object>

------------------------------------------------------------------------------------------------------------------------

[2020-01-23 23:08:08 #1 type.registry] 
New type web.model.Car_Dealership

[2020-01-23 23:08:08 #2 type] 
Type web.model.Car_Dealership is not enhanced.

[2020-01-23 23:08:09 #3 type.registry] 
New type web.model.Car

[2020-01-23 23:08:09 #4 type] 
Type web.model.Car is not enhanced.

[2020-01-23 23:08:09 #5 type.registry] 
New type web.model.Customer

[2020-01-23 23:08:09 #6 type] 
Type web.model.Customer is not enhanced.

[2020-01-23 23:09:21 #7 type.registry] 
New type java.util.ArrayList<java.lang.Object>

[2020-01-23 23:09:21 #8 type.registry] 
New type com.objectdb.o.LMT

[2020-01-23 23:09:21 #9 type.registry] 
New type com.objectdb.o.VAL

[2020-01-23 23:09:21 #10 type.registry] 
New type com.objectdb.o.RFV

------------------------------------------------------------------------------------------------------------------------

[2020-01-23 23:17:09 #1 type] 
Type web.model.Car_Dealership is not enhanced.

[2020-01-23 23:17:09 #2 type] 
Type web.model.Car is not enhanced.

[2020-01-23 23:17:09 #3 type] 
Type web.model.Customer is not enhanced.

------------------------------------------------------------------------------------------------------------------------

[2020-01-23 23:18:49 #1 type.registry] 
New type web.model.Car_Dealership

[2020-01-23 23:18:49 #2 type] 
Type web.model.Car_Dealership is not enhanced.

[2020-01-23 23:18:49 #3 type.registry] 
New type web.model.Car

[2020-01-23 23:18:49 #4 type] 
Type web.model.Car is not enhanced.

[2020-01-23 23:18:49 #5 type.registry] 
New type web.model.Customer

[2020-01-23 23:18:49 #6 type] 
Type web.model.Customer is not enhanced.

[2020-01-23 23:18:52 #7 type.registry] 
New type java.util.ArrayList<java.lang.Object>

[2020-01-23 23:18:52 #8 type.registry] 
New type java.util.ArrayList<web.model.Customer>

[2020-01-23 23:18:52 #9 type.registry] 
New type com.objectdb.o.LMT

[2020-01-23 23:18:52 #10 type.registry] 
New type com.objectdb.o.VAL

[2020-01-23 23:18:52 #11 type.registry] 
New type com.objectdb.o.RFV

------------------------------------------------------------------------------------------------------------------------

[2020-01-23 23:20:53 #1 type] 
Type web.model.Car_Dealership is not enhanced.

[2020-01-23 23:20:53 #2 type] 
Type web.model.Car is not enhanced.

[2020-01-23 23:20:53 #3 type] 
Type web.model.Customer is not enhanced.

------------------------------------------------------------------------------------------------------------------------

[2020-01-23 23:59:41 #1 type.registry] 
New type web.model.Car_Dealership

[2020-01-23 23:59:41 #2 type] 
Type web.model.Car_Dealership is not enhanced.

[2020-01-23 23:59:41 #3 type.registry] 
New type web.model.Car

[2020-01-23 23:59:41 #4 type] 
Type web.model.Car is not enhanced.

[2020-01-23 23:59:41 #5 type.registry] 
New type web.model.Customer

[2020-01-23 23:59:41 #6 type] 
Type web.model.Customer is not enhanced.

[2020-01-23 23:59:45 #7 type.registry] 
New type java.util.ArrayList<java.lang.Object>

[2020-01-23 23:59:45 #8 type.registry] 
New type java.util.ArrayList<web.model.Customer>

[2020-01-23 23:59:45 #9 type.registry] 
New type com.objectdb.o.LMT

[2020-01-23 23:59:45 #10 type.registry] 
New type com.objectdb.o.VAL

[2020-01-23 23:59:45 #11 type.registry] 
New type com.objectdb.o.RFV

